<?xml version="1.0" encoding="UTF-8"?>
<testsuite name="Test" tests="1" skipped="0" failures="0" errors="0" timestamp="2019-09-05T01:06:45" hostname="AndroidExpert" time="0.005">
  <properties/>
  <testcase name="testNonNull" classname="Test" time="0.005"/>
  <system-out><![CDATA[]]></system-out>
  <system-err><![CDATA[]]></system-err>
</testsuite>
